[debug] [2021-03-18T16:11:55.600Z] ----------------------------------------------------------------------
[debug] [2021-03-18T16:11:55.605Z] Command:       C:\Program Files\nodejs\node.exe C:\Users\Adil Alam\AppData\Roaming\npm\node_modules\firebase-tools\lib\bin\firebase.js emulators:start
[debug] [2021-03-18T16:11:55.605Z] CLI Version:   9.5.0
[debug] [2021-03-18T16:11:55.605Z] Platform:      win32
[debug] [2021-03-18T16:11:55.606Z] Node Version:  v12.18.3
[debug] [2021-03-18T16:11:55.607Z] Time:          Thu Mar 18 2021 21:11:55 GMT+0500 (Pakistan Standard Time)
[debug] [2021-03-18T16:11:55.608Z] ----------------------------------------------------------------------
[debug] [2021-03-18T16:11:55.608Z] 
[debug] [2021-03-18T16:11:55.693Z] > command requires scopes: ["email","openid","https://www.googleapis.com/auth/cloudplatformprojects.readonly","https://www.googleapis.com/auth/firebase","https://www.googleapis.com/auth/cloud-platform"]
[debug] [2021-03-18T16:11:55.693Z] > authorizing via signed-in user
[info] i  emulators: Starting emulators: functions, hosting {"metadata":{"emulator":{"name":"hub"},"message":"Starting emulators: functions, hosting"}}
[debug] [2021-03-18T16:11:57.753Z] [hub] writing locator at C:\Users\ADILAL~2\AppData\Local\Temp\hub-clone-fbc90.json
[warn] !  functions: The following emulators are not running, calls to these services from the Functions emulator will affect production: auth, firestore, database, pubsub {"metadata":{"emulator":{"name":"functions"},"message":"The following emulators are not running, calls to these services from the Functions emulator will affect production: \u001b[1mauth, firestore, database, pubsub\u001b[22m"}}
[info] +  functions: Using node@12 from host. {"metadata":{"emulator":{"name":"functions"},"message":"Using node@12 from host."}}
[debug] [2021-03-18T16:11:59.836Z] defaultcredentials: writing to file C:\Users\Adil Alam\AppData\Roaming\firebase\alamadil540_gmail_com_application_default_credentials.json
[debug] [2021-03-18T16:11:59.838Z] Setting GAC to C:\Users\Adil Alam\AppData\Roaming\firebase\alamadil540_gmail_com_application_default_credentials.json {"metadata":{"emulator":{"name":"functions"},"message":"Setting GAC to C:\\Users\\Adil Alam\\AppData\\Roaming\\firebase\\alamadil540_gmail_com_application_default_credentials.json"}}
[debug] [2021-03-18T16:11:59.840Z] > refreshing access token with scopes: []
[debug] [2021-03-18T16:11:59.841Z] >>> HTTP REQUEST POST https://www.googleapis.com/oauth2/v3/token  
 <request body omitted>
[debug] [2021-03-18T16:12:00.259Z] <<< HTTP RESPONSE 200 {"cache-control":"no-cache, no-store, max-age=0, must-revalidate","expires":"Mon, 01 Jan 1990 00:00:00 GMT","pragma":"no-cache","date":"Thu, 18 Mar 2021 16:11:59 GMT","content-type":"application/json; charset=utf-8","vary":"X-Origin, Referer, Origin,Accept-Encoding","server":"scaffolding on HTTPServer2","x-xss-protection":"0","x-frame-options":"SAMEORIGIN","x-content-type-options":"nosniff","alt-svc":"h3-29=\":443\"; ma=2592000,h3-T051=\":443\"; ma=2592000,h3-Q050=\":443\"; ma=2592000,h3-Q046=\":443\"; ma=2592000,h3-Q043=\":443\"; ma=2592000,quic=\":443\"; ma=2592000; v=\"46,43\"","accept-ranges":"none","transfer-encoding":"chunked"}
[debug] [2021-03-18T16:12:00.335Z] >>> [apiv2][query] GET https://firebase.googleapis.com/v1beta1/projects/clone-fbc90/adminSdkConfig [none]
[debug] [2021-03-18T16:12:01.528Z] <<< [apiv2][status] GET https://firebase.googleapis.com/v1beta1/projects/clone-fbc90/adminSdkConfig 200
[debug] [2021-03-18T16:12:01.528Z] <<< [apiv2][body] GET https://firebase.googleapis.com/v1beta1/projects/clone-fbc90/adminSdkConfig {"projectId":"clone-fbc90","databaseURL":"https://clone-fbc90-default-rtdb.firebaseio.com","storageBucket":"clone-fbc90.appspot.com","locationId":"us-central"}
[debug] [2021-03-18T16:12:03.628Z] >>> [apiv2][query] GET https://firebase.googleapis.com/v1beta1/projects/clone-fbc90/webApps/-/config [none]
[debug] [2021-03-18T16:12:04.677Z] <<< [apiv2][status] GET https://firebase.googleapis.com/v1beta1/projects/clone-fbc90/webApps/-/config 200
[debug] [2021-03-18T16:12:04.677Z] <<< [apiv2][body] GET https://firebase.googleapis.com/v1beta1/projects/clone-fbc90/webApps/-/config {"projectId":"clone-fbc90","appId":"1:19518830355:web:ccf306ce0066e1ce0b0ce6","databaseURL":"https://clone-fbc90-default-rtdb.firebaseio.com","storageBucket":"clone-fbc90.appspot.com","locationId":"us-central","apiKey":"AIzaSyBReY4j0trI-VYHZG1ZZxYCqvkQ1QGEEVg","authDomain":"clone-fbc90.firebaseapp.com","messagingSenderId":"19518830355","measurementId":"G-22R0L40X6H"}
[info] i  hosting: Serving hosting files from: build {"metadata":{"emulator":{"name":"hosting"},"message":"Serving hosting files from: \u001b[1mbuild\u001b[22m"}}
[info] +  hosting: Local server: http://localhost:5000 {"metadata":{"emulator":{"name":"hosting"},"message":"Local server: \u001b[4m\u001b[1mhttp://localhost:5000\u001b[22m\u001b[24m"}}
[warn] !  ui: Emulator UI unable to start on port 4000, starting on 4001 instead. {"metadata":{"emulator":{"name":"ui"},"message":"Emulator UI unable to start on port 4000, starting on 4001 instead."}}
[debug] [2021-03-18T16:12:07.094Z] Ignoring unsupported arg: auto_download {"metadata":{"emulator":{"name":"ui"},"message":"Ignoring unsupported arg: auto_download"}}
[debug] [2021-03-18T16:12:07.095Z] Ignoring unsupported arg: port {"metadata":{"emulator":{"name":"ui"},"message":"Ignoring unsupported arg: port"}}
[debug] [2021-03-18T16:12:07.095Z] Starting Emulator UI with command {"binary":"node","args":["C:\\Users\\Adil Alam\\.cache\\firebase\\emulators\\ui-v1.4.2\\server.bundle.js"],"optionalArgs":[],"joinArgs":false} {"metadata":{"emulator":{"name":"ui"},"message":"Starting Emulator UI with command {\"binary\":\"node\",\"args\":[\"C:\\\\Users\\\\Adil Alam\\\\.cache\\\\firebase\\\\emulators\\\\ui-v1.4.2\\\\server.bundle.js\"],\"optionalArgs\":[],\"joinArgs\":false}"}}
[info] i  ui: Emulator UI logging to ui-debug.log {"metadata":{"emulator":{"name":"ui"},"message":"Emulator UI logging to \u001b[1mui-debug.log\u001b[22m"}}
[debug] [2021-03-18T16:12:07.364Z] Web / API server started at http://localhost:4001
 {"metadata":{"emulator":{"name":"ui"},"message":"Web / API server started at http://localhost:4001\n"}}
[info] i  functions: Watching "C:\Users\Adil Alam\Desktop\Amazon\amazon-clone\functions" for Cloud Functions... {"metadata":{"emulator":{"name":"functions"},"message":"Watching \"C:\\Users\\Adil Alam\\Desktop\\Amazon\\amazon-clone\\functions\" for Cloud Functions..."}}
[debug] [2021-03-18T16:12:07.672Z] [worker-pool] addWorker(~diagnostic~) {"metadata":{"emulator":{"name":"functions"},"message":"[worker-pool] addWorker(~diagnostic~)"}}
[debug] [2021-03-18T16:12:07.673Z] [worker-pool] Adding worker with key ~diagnostic~, total=1 {"metadata":{"emulator":{"name":"functions"},"message":"[worker-pool] Adding worker with key ~diagnostic~, total=1"}}
[debug] [2021-03-18T16:12:07.673Z] [worker-pool] submitWork(triggerId=) {"metadata":{"emulator":{"name":"functions"},"message":"[worker-pool] submitWork(triggerId=)"}}
[debug] [2021-03-18T16:12:07.674Z] [worker-~diagnostic~-934f4161-410a-4aa9-b122-2de599ec54a0]: Assigning socketPath: \\?\pipe\C:\Users\Adil Alam\Desktop\Amazon\amazon-clone\functions\22748 {"metadata":{"emulator":{"name":"functions"},"message":"[worker-~diagnostic~-934f4161-410a-4aa9-b122-2de599ec54a0]: Assigning socketPath: \\\\?\\pipe\\C:\\Users\\Adil Alam\\Desktop\\Amazon\\amazon-clone\\functions\\22748"}}
[debug] [2021-03-18T16:12:07.675Z] [worker-~diagnostic~-934f4161-410a-4aa9-b122-2de599ec54a0]: BUSY {"metadata":{"emulator":{"name":"functions"},"message":"[worker-~diagnostic~-934f4161-410a-4aa9-b122-2de599ec54a0]: BUSY"}}
[debug] [2021-03-18T16:12:08.083Z] [runtime-status] [22748] Functions runtime initialized. {"cwd":"C:\\Users\\Adil Alam\\Desktop\\Amazon\\amazon-clone\\functions","node_version":"12.18.3"} {"metadata":{"emulator":{"name":"functions"},"message":"[runtime-status] [22748] Functions runtime initialized. {\"cwd\":\"C:\\\\Users\\\\Adil Alam\\\\Desktop\\\\Amazon\\\\amazon-clone\\\\functions\",\"node_version\":\"12.18.3\"}"}}
[debug] [2021-03-18T16:12:08.084Z] [runtime-status] [22748] Disabled runtime features: undefined {"metadata":{"emulator":{"name":"functions"},"message":"[runtime-status] [22748] Disabled runtime features: undefined"}}
[debug] [2021-03-18T16:12:08.091Z] [runtime-status] [22748] Resolved module firebase-admin {"declared":true,"installed":true,"version":"9.5.0","resolution":"C:\\Users\\Adil Alam\\Desktop\\Amazon\\amazon-clone\\functions\\node_modules\\firebase-admin\\lib\\index.js"} {"metadata":{"emulator":{"name":"functions"},"message":"[runtime-status] [22748] Resolved module firebase-admin {\"declared\":true,\"installed\":true,\"version\":\"9.5.0\",\"resolution\":\"C:\\\\Users\\\\Adil Alam\\\\Desktop\\\\Amazon\\\\amazon-clone\\\\functions\\\\node_modules\\\\firebase-admin\\\\lib\\\\index.js\"}"}}
[debug] [2021-03-18T16:12:08.094Z] [runtime-status] [22748] Resolved module firebase-functions {"declared":true,"installed":true,"version":"3.13.2","resolution":"C:\\Users\\Adil Alam\\Desktop\\Amazon\\amazon-clone\\functions\\node_modules\\firebase-functions\\lib\\index.js"} {"metadata":{"emulator":{"name":"functions"},"message":"[runtime-status] [22748] Resolved module firebase-functions {\"declared\":true,\"installed\":true,\"version\":\"3.13.2\",\"resolution\":\"C:\\\\Users\\\\Adil Alam\\\\Desktop\\\\Amazon\\\\amazon-clone\\\\functions\\\\node_modules\\\\firebase-functions\\\\lib\\\\index.js\"}"}}
[debug] [2021-03-18T16:12:08.095Z] [runtime-status] [22748] Resolved module firebase-functions {"declared":true,"installed":true,"version":"3.13.2","resolution":"C:\\Users\\Adil Alam\\Desktop\\Amazon\\amazon-clone\\functions\\node_modules\\firebase-functions\\lib\\index.js"} {"metadata":{"emulator":{"name":"functions"},"message":"[runtime-status] [22748] Resolved module firebase-functions {\"declared\":true,\"installed\":true,\"version\":\"3.13.2\",\"resolution\":\"C:\\\\Users\\\\Adil Alam\\\\Desktop\\\\Amazon\\\\amazon-clone\\\\functions\\\\node_modules\\\\firebase-functions\\\\lib\\\\index.js\"}"}}
[debug] [2021-03-18T16:12:08.097Z] [runtime-status] [22748] Outgoing network have been stubbed. [{"name":"http","status":"mocked"},{"name":"http","status":"mocked"},{"name":"https","status":"mocked"},{"name":"https","status":"mocked"},{"name":"net","status":"mocked"}] {"metadata":{"emulator":{"name":"functions"},"message":"[runtime-status] [22748] Outgoing network have been stubbed. [{\"name\":\"http\",\"status\":\"mocked\"},{\"name\":\"http\",\"status\":\"mocked\"},{\"name\":\"https\",\"status\":\"mocked\"},{\"name\":\"https\",\"status\":\"mocked\"},{\"name\":\"net\",\"status\":\"mocked\"}]"}}
[debug] [2021-03-18T16:12:08.098Z] [runtime-status] [22748] Resolved module firebase-functions {"declared":true,"installed":true,"version":"3.13.2","resolution":"C:\\Users\\Adil Alam\\Desktop\\Amazon\\amazon-clone\\functions\\node_modules\\firebase-functions\\lib\\index.js"} {"metadata":{"emulator":{"name":"functions"},"message":"[runtime-status] [22748] Resolved module firebase-functions {\"declared\":true,\"installed\":true,\"version\":\"3.13.2\",\"resolution\":\"C:\\\\Users\\\\Adil Alam\\\\Desktop\\\\Amazon\\\\amazon-clone\\\\functions\\\\node_modules\\\\firebase-functions\\\\lib\\\\index.js\"}"}}
[debug] [2021-03-18T16:12:08.992Z] [runtime-status] [22748] Checked functions.config() {"config":{}} {"metadata":{"emulator":{"name":"functions"},"message":"[runtime-status] [22748] Checked functions.config() {\"config\":{}}"}}
[debug] [2021-03-18T16:12:08.994Z] [runtime-status] [22748] firebase-functions has been stubbed. {"functionsResolution":{"declared":true,"installed":true,"version":"3.13.2","resolution":"C:\\Users\\Adil Alam\\Desktop\\Amazon\\amazon-clone\\functions\\node_modules\\firebase-functions\\lib\\index.js"}} {"metadata":{"emulator":{"name":"functions"},"message":"[runtime-status] [22748] firebase-functions has been stubbed. {\"functionsResolution\":{\"declared\":true,\"installed\":true,\"version\":\"3.13.2\",\"resolution\":\"C:\\\\Users\\\\Adil Alam\\\\Desktop\\\\Amazon\\\\amazon-clone\\\\functions\\\\node_modules\\\\firebase-functions\\\\lib\\\\index.js\"}}"}}
[debug] [2021-03-18T16:12:08.995Z] [runtime-status] [22748] Resolved module firebase-functions {"declared":true,"installed":true,"version":"3.13.2","resolution":"C:\\Users\\Adil Alam\\Desktop\\Amazon\\amazon-clone\\functions\\node_modules\\firebase-functions\\lib\\index.js"} {"metadata":{"emulator":{"name":"functions"},"message":"[runtime-status] [22748] Resolved module firebase-functions {\"declared\":true,\"installed\":true,\"version\":\"3.13.2\",\"resolution\":\"C:\\\\Users\\\\Adil Alam\\\\Desktop\\\\Amazon\\\\amazon-clone\\\\functions\\\\node_modules\\\\firebase-functions\\\\lib\\\\index.js\"}"}}
[debug] [2021-03-18T16:12:09.000Z] [runtime-status] [22748] Resolved module firebase-admin {"declared":true,"installed":true,"version":"9.5.0","resolution":"C:\\Users\\Adil Alam\\Desktop\\Amazon\\amazon-clone\\functions\\node_modules\\firebase-admin\\lib\\index.js"} {"metadata":{"emulator":{"name":"functions"},"message":"[runtime-status] [22748] Resolved module firebase-admin {\"declared\":true,\"installed\":true,\"version\":\"9.5.0\",\"resolution\":\"C:\\\\Users\\\\Adil Alam\\\\Desktop\\\\Amazon\\\\amazon-clone\\\\functions\\\\node_modules\\\\firebase-admin\\\\lib\\\\index.js\"}"}}
[debug] [2021-03-18T16:12:09.002Z] [runtime-status] [22748] Resolved module firebase-functions {"declared":true,"installed":true,"version":"3.13.2","resolution":"C:\\Users\\Adil Alam\\Desktop\\Amazon\\amazon-clone\\functions\\node_modules\\firebase-functions\\lib\\index.js"} {"metadata":{"emulator":{"name":"functions"},"message":"[runtime-status] [22748] Resolved module firebase-functions {\"declared\":true,\"installed\":true,\"version\":\"3.13.2\",\"resolution\":\"C:\\\\Users\\\\Adil Alam\\\\Desktop\\\\Amazon\\\\amazon-clone\\\\functions\\\\node_modules\\\\firebase-functions\\\\lib\\\\index.js\"}"}}
[debug] [2021-03-18T16:12:09.003Z] [runtime-status] [22748] firebase-admin has been stubbed. {"adminResolution":{"declared":true,"installed":true,"version":"9.5.0","resolution":"C:\\Users\\Adil Alam\\Desktop\\Amazon\\amazon-clone\\functions\\node_modules\\firebase-admin\\lib\\index.js"}} {"metadata":{"emulator":{"name":"functions"},"message":"[runtime-status] [22748] firebase-admin has been stubbed. {\"adminResolution\":{\"declared\":true,\"installed\":true,\"version\":\"9.5.0\",\"resolution\":\"C:\\\\Users\\\\Adil Alam\\\\Desktop\\\\Amazon\\\\amazon-clone\\\\functions\\\\node_modules\\\\firebase-admin\\\\lib\\\\index.js\"}}"}}
[info] +  functions[api]: http function initialized (http://localhost:5001/clone-fbc90/us-central1/api). {"metadata":{"emulator":{"name":"functions"},"message":"\u001b[1mhttp\u001b[22m function initialized (http://localhost:5001/clone-fbc90/us-central1/api)."}}
[info] 
┌─────────────────────────────────────────────────────────────┐
│ ✔  All emulators ready! It is now safe to connect your app. │
│ i  View Emulator UI at http://localhost:4001                │
└─────────────────────────────────────────────────────────────┘

┌───────────┬────────────────┬─────────────────────────────────┐
│ Emulator  │ Host:Port      │ View in Emulator UI             │
├───────────┼────────────────┼─────────────────────────────────┤
│ Functions │ localhost:5001 │ http://localhost:4001/functions │
├───────────┼────────────────┼─────────────────────────────────┤
│ Hosting   │ localhost:5000 │ n/a                             │
└───────────┴────────────────┴─────────────────────────────────┘
  Emulator Hub running at localhost:4400
  Other reserved ports: 4500

Issues? Report them at https://github.com/firebase/firebase-tools/issues and attach the *-debug.log files.
 
[debug] [2021-03-18T16:12:10.369Z] [worker-~diagnostic~-934f4161-410a-4aa9-b122-2de599ec54a0]: IDLE {"metadata":{"emulator":{"name":"functions"},"message":"[worker-~diagnostic~-934f4161-410a-4aa9-b122-2de599ec54a0]: IDLE"}}
[debug] [2021-03-18T16:12:21.155Z] [work-queue] {"queueLength":1,"workRunningCount":0}
[debug] [2021-03-18T16:12:21.155Z] [work-queue] {"queueLength":0,"workRunningCount":1}
[debug] [2021-03-18T16:12:21.155Z] Accepted request GET /clone-fbc90/us-central1/api --> api
[debug] [2021-03-18T16:12:21.160Z] [worker-pool] addWorker(api) {"metadata":{"emulator":{"name":"functions"},"message":"[worker-pool] addWorker(api)"}}
[debug] [2021-03-18T16:12:21.160Z] [worker-pool] Adding worker with key api, total=1 {"metadata":{"emulator":{"name":"functions"},"message":"[worker-pool] Adding worker with key api, total=1"}}
[debug] [2021-03-18T16:12:21.160Z] [worker-pool] submitWork(triggerId=api) {"metadata":{"emulator":{"name":"functions"},"message":"[worker-pool] submitWork(triggerId=api)"}}
[debug] [2021-03-18T16:12:21.161Z] [worker-api-263e855a-3306-42c6-a451-0b66ef78c67f]: Assigning socketPath: \\?\pipe\C:\Users\Adil Alam\Desktop\Amazon\amazon-clone\functions\14860 {"metadata":{"emulator":{"name":"functions"},"message":"[worker-api-263e855a-3306-42c6-a451-0b66ef78c67f]: Assigning socketPath: \\\\?\\pipe\\C:\\Users\\Adil Alam\\Desktop\\Amazon\\amazon-clone\\functions\\14860"}}
[debug] [2021-03-18T16:12:21.161Z] [worker-api-263e855a-3306-42c6-a451-0b66ef78c67f]: BUSY {"metadata":{"emulator":{"name":"functions"},"message":"[worker-api-263e855a-3306-42c6-a451-0b66ef78c67f]: BUSY"}}
[debug] [2021-03-18T16:12:21.455Z] [runtime-status] [14860] Functions runtime initialized. {"cwd":"C:\\Users\\Adil Alam\\Desktop\\Amazon\\amazon-clone\\functions","node_version":"12.18.3"} {"metadata":{"emulator":{"name":"functions"},"function":{"name":"api"},"message":"[runtime-status] [14860] Functions runtime initialized. {\"cwd\":\"C:\\\\Users\\\\Adil Alam\\\\Desktop\\\\Amazon\\\\amazon-clone\\\\functions\",\"node_version\":\"12.18.3\"}"}}
[debug] [2021-03-18T16:12:21.456Z] [runtime-status] [14860] Disabled runtime features: undefined {"metadata":{"emulator":{"name":"functions"},"function":{"name":"api"},"message":"[runtime-status] [14860] Disabled runtime features: undefined"}}
[debug] [2021-03-18T16:12:21.463Z] [runtime-status] [14860] Resolved module firebase-admin {"declared":true,"installed":true,"version":"9.5.0","resolution":"C:\\Users\\Adil Alam\\Desktop\\Amazon\\amazon-clone\\functions\\node_modules\\firebase-admin\\lib\\index.js"} {"metadata":{"emulator":{"name":"functions"},"function":{"name":"api"},"message":"[runtime-status] [14860] Resolved module firebase-admin {\"declared\":true,\"installed\":true,\"version\":\"9.5.0\",\"resolution\":\"C:\\\\Users\\\\Adil Alam\\\\Desktop\\\\Amazon\\\\amazon-clone\\\\functions\\\\node_modules\\\\firebase-admin\\\\lib\\\\index.js\"}"}}
[debug] [2021-03-18T16:12:21.464Z] [runtime-status] [14860] Resolved module firebase-functions {"declared":true,"installed":true,"version":"3.13.2","resolution":"C:\\Users\\Adil Alam\\Desktop\\Amazon\\amazon-clone\\functions\\node_modules\\firebase-functions\\lib\\index.js"} {"metadata":{"emulator":{"name":"functions"},"function":{"name":"api"},"message":"[runtime-status] [14860] Resolved module firebase-functions {\"declared\":true,\"installed\":true,\"version\":\"3.13.2\",\"resolution\":\"C:\\\\Users\\\\Adil Alam\\\\Desktop\\\\Amazon\\\\amazon-clone\\\\functions\\\\node_modules\\\\firebase-functions\\\\lib\\\\index.js\"}"}}
[debug] [2021-03-18T16:12:21.465Z] [runtime-status] [14860] Resolved module firebase-functions {"declared":true,"installed":true,"version":"3.13.2","resolution":"C:\\Users\\Adil Alam\\Desktop\\Amazon\\amazon-clone\\functions\\node_modules\\firebase-functions\\lib\\index.js"} {"metadata":{"emulator":{"name":"functions"},"function":{"name":"api"},"message":"[runtime-status] [14860] Resolved module firebase-functions {\"declared\":true,\"installed\":true,\"version\":\"3.13.2\",\"resolution\":\"C:\\\\Users\\\\Adil Alam\\\\Desktop\\\\Amazon\\\\amazon-clone\\\\functions\\\\node_modules\\\\firebase-functions\\\\lib\\\\index.js\"}"}}
[debug] [2021-03-18T16:12:21.467Z] [runtime-status] [14860] Outgoing network have been stubbed. [{"name":"http","status":"mocked"},{"name":"http","status":"mocked"},{"name":"https","status":"mocked"},{"name":"https","status":"mocked"},{"name":"net","status":"mocked"}] {"metadata":{"emulator":{"name":"functions"},"function":{"name":"api"},"message":"[runtime-status] [14860] Outgoing network have been stubbed. [{\"name\":\"http\",\"status\":\"mocked\"},{\"name\":\"http\",\"status\":\"mocked\"},{\"name\":\"https\",\"status\":\"mocked\"},{\"name\":\"https\",\"status\":\"mocked\"},{\"name\":\"net\",\"status\":\"mocked\"}]"}}
[debug] [2021-03-18T16:12:21.468Z] [runtime-status] [14860] Resolved module firebase-functions {"declared":true,"installed":true,"version":"3.13.2","resolution":"C:\\Users\\Adil Alam\\Desktop\\Amazon\\amazon-clone\\functions\\node_modules\\firebase-functions\\lib\\index.js"} {"metadata":{"emulator":{"name":"functions"},"function":{"name":"api"},"message":"[runtime-status] [14860] Resolved module firebase-functions {\"declared\":true,\"installed\":true,\"version\":\"3.13.2\",\"resolution\":\"C:\\\\Users\\\\Adil Alam\\\\Desktop\\\\Amazon\\\\amazon-clone\\\\functions\\\\node_modules\\\\firebase-functions\\\\lib\\\\index.js\"}"}}
[debug] [2021-03-18T16:12:21.525Z] [runtime-status] [14860] Checked functions.config() {"config":{}} {"metadata":{"emulator":{"name":"functions"},"function":{"name":"api"},"message":"[runtime-status] [14860] Checked functions.config() {\"config\":{}}"}}
[debug] [2021-03-18T16:12:21.525Z] [runtime-status] [14860] firebase-functions has been stubbed. {"functionsResolution":{"declared":true,"installed":true,"version":"3.13.2","resolution":"C:\\Users\\Adil Alam\\Desktop\\Amazon\\amazon-clone\\functions\\node_modules\\firebase-functions\\lib\\index.js"}} {"metadata":{"emulator":{"name":"functions"},"function":{"name":"api"},"message":"[runtime-status] [14860] firebase-functions has been stubbed. {\"functionsResolution\":{\"declared\":true,\"installed\":true,\"version\":\"3.13.2\",\"resolution\":\"C:\\\\Users\\\\Adil Alam\\\\Desktop\\\\Amazon\\\\amazon-clone\\\\functions\\\\node_modules\\\\firebase-functions\\\\lib\\\\index.js\"}}"}}
[debug] [2021-03-18T16:12:21.527Z] [runtime-status] [14860] Resolved module firebase-functions {"declared":true,"installed":true,"version":"3.13.2","resolution":"C:\\Users\\Adil Alam\\Desktop\\Amazon\\amazon-clone\\functions\\node_modules\\firebase-functions\\lib\\index.js"} {"metadata":{"emulator":{"name":"functions"},"function":{"name":"api"},"message":"[runtime-status] [14860] Resolved module firebase-functions {\"declared\":true,\"installed\":true,\"version\":\"3.13.2\",\"resolution\":\"C:\\\\Users\\\\Adil Alam\\\\Desktop\\\\Amazon\\\\amazon-clone\\\\functions\\\\node_modules\\\\firebase-functions\\\\lib\\\\index.js\"}"}}
[debug] [2021-03-18T16:12:21.529Z] [runtime-status] [14860] Resolved module firebase-admin {"declared":true,"installed":true,"version":"9.5.0","resolution":"C:\\Users\\Adil Alam\\Desktop\\Amazon\\amazon-clone\\functions\\node_modules\\firebase-admin\\lib\\index.js"} {"metadata":{"emulator":{"name":"functions"},"function":{"name":"api"},"message":"[runtime-status] [14860] Resolved module firebase-admin {\"declared\":true,\"installed\":true,\"version\":\"9.5.0\",\"resolution\":\"C:\\\\Users\\\\Adil Alam\\\\Desktop\\\\Amazon\\\\amazon-clone\\\\functions\\\\node_modules\\\\firebase-admin\\\\lib\\\\index.js\"}"}}
[debug] [2021-03-18T16:12:21.530Z] [runtime-status] [14860] Resolved module firebase-functions {"declared":true,"installed":true,"version":"3.13.2","resolution":"C:\\Users\\Adil Alam\\Desktop\\Amazon\\amazon-clone\\functions\\node_modules\\firebase-functions\\lib\\index.js"} {"metadata":{"emulator":{"name":"functions"},"function":{"name":"api"},"message":"[runtime-status] [14860] Resolved module firebase-functions {\"declared\":true,\"installed\":true,\"version\":\"3.13.2\",\"resolution\":\"C:\\\\Users\\\\Adil Alam\\\\Desktop\\\\Amazon\\\\amazon-clone\\\\functions\\\\node_modules\\\\firebase-functions\\\\lib\\\\index.js\"}"}}
[debug] [2021-03-18T16:12:21.530Z] [runtime-status] [14860] firebase-admin has been stubbed. {"adminResolution":{"declared":true,"installed":true,"version":"9.5.0","resolution":"C:\\Users\\Adil Alam\\Desktop\\Amazon\\amazon-clone\\functions\\node_modules\\firebase-admin\\lib\\index.js"}} {"metadata":{"emulator":{"name":"functions"},"function":{"name":"api"},"message":"[runtime-status] [14860] firebase-admin has been stubbed. {\"adminResolution\":{\"declared\":true,\"installed\":true,\"version\":\"9.5.0\",\"resolution\":\"C:\\\\Users\\\\Adil Alam\\\\Desktop\\\\Amazon\\\\amazon-clone\\\\functions\\\\node_modules\\\\firebase-admin\\\\lib\\\\index.js\"}}"}}
[debug] [2021-03-18T16:12:21.746Z] [runtime-status] [14860] Trigger "api" has been found, beginning invocation! {"metadata":{"emulator":{"name":"functions"},"function":{"name":"api"},"message":"[runtime-status] [14860] Trigger \"api\" has been found, beginning invocation!"}}
[info] i  functions: Beginning execution of "api" {"metadata":{"emulator":{"name":"functions"},"function":{"name":"api"},"message":"Beginning execution of \"api\""}}
[debug] [2021-03-18T16:12:21.748Z] [runtime-status] [14860] triggerDefinition {"httpsTrigger":{},"name":"api","entryPoint":"api"} {"metadata":{"emulator":{"name":"functions"},"function":{"name":"api"},"message":"[runtime-status] [14860] triggerDefinition {\"httpsTrigger\":{},\"name\":\"api\",\"entryPoint\":\"api\"}"}}
[debug] [2021-03-18T16:12:21.748Z] [runtime-status] [14860] Running api in mode HTTPS {"metadata":{"emulator":{"name":"functions"},"function":{"name":"api"},"message":"[runtime-status] [14860] Running api in mode HTTPS"}}
[debug] [2021-03-18T16:12:21.751Z] [runtime-status] [14860] Attempting to listen to socketPath: \\?\pipe\C:\Users\Adil Alam\Desktop\Amazon\amazon-clone\functions\14860 {"metadata":{"emulator":{"name":"functions"},"function":{"name":"api"},"message":"[runtime-status] [14860] Attempting to listen to socketPath: \\\\?\\pipe\\C:\\Users\\Adil Alam\\Desktop\\Amazon\\amazon-clone\\functions\\14860"}}
[debug] [2021-03-18T16:12:21.754Z] [functions] Runtime ready! Sending request! {"metadata":{"emulator":{"name":"functions"},"message":"[functions] Runtime ready! Sending request!"}}
[debug] [2021-03-18T16:12:21.755Z] [functions] Got req.url=/clone-fbc90/us-central1/api, mapping to path=/ {"metadata":{"emulator":{"name":"functions"},"message":"[functions] Got req.url=/clone-fbc90/us-central1/api, mapping to path=/"}}
[debug] [2021-03-18T16:12:21.766Z] [runtime-status] [14860] Ephemeral server handling GET request {"metadata":{"emulator":{"name":"functions"},"function":{"name":"api"},"message":"[runtime-status] [14860] Ephemeral server handling GET request"}}
[debug] [2021-03-18T16:12:21.773Z] [runtime-status] [14860] Ephemeral server survived. {"metadata":{"emulator":{"name":"functions"},"function":{"name":"api"},"message":"[runtime-status] [14860] Ephemeral server survived."}}
[info] i  functions: Finished "api" in ~1s {"metadata":{"emulator":{"name":"functions"},"function":{"name":"api"},"message":"Finished \"api\" in ~1s"}}
[debug] [2021-03-18T16:12:21.782Z] [worker-api-263e855a-3306-42c6-a451-0b66ef78c67f]: IDLE {"metadata":{"emulator":{"name":"functions"},"message":"[worker-api-263e855a-3306-42c6-a451-0b66ef78c67f]: IDLE"}}
[debug] [2021-03-18T16:12:21.782Z] [work-queue] {"queueLength":0,"workRunningCount":0}
[debug] [2021-03-18T16:17:51.733Z] [work-queue] {"queueLength":1,"workRunningCount":0}
[debug] [2021-03-18T16:17:51.733Z] [work-queue] {"queueLength":0,"workRunningCount":1}
[debug] [2021-03-18T16:17:51.733Z] Accepted request POST /clone-fbc90/us-central1/api/payments/create?total=23900 --> api
[debug] [2021-03-18T16:17:51.733Z] [worker-pool] submitWork(triggerId=api) {"metadata":{"emulator":{"name":"functions"},"message":"[worker-pool] submitWork(triggerId=api)"}}
[debug] [2021-03-18T16:17:51.733Z] [worker-api-263e855a-3306-42c6-a451-0b66ef78c67f]: Assigning socketPath: \\?\pipe\C:\Users\Adil Alam\Desktop\Amazon\amazon-clone\functions\14860 {"metadata":{"emulator":{"name":"functions"},"message":"[worker-api-263e855a-3306-42c6-a451-0b66ef78c67f]: Assigning socketPath: \\\\?\\pipe\\C:\\Users\\Adil Alam\\Desktop\\Amazon\\amazon-clone\\functions\\14860"}}
[debug] [2021-03-18T16:17:51.733Z] [worker-api-263e855a-3306-42c6-a451-0b66ef78c67f]: BUSY {"metadata":{"emulator":{"name":"functions"},"message":"[worker-api-263e855a-3306-42c6-a451-0b66ef78c67f]: BUSY"}}
[debug] [2021-03-18T16:17:51.734Z] [runtime-status] [14860] Trigger "api" has been found, beginning invocation! {"metadata":{"emulator":{"name":"functions"},"function":{"name":"api"},"message":"[runtime-status] [14860] Trigger \"api\" has been found, beginning invocation!"}}
[info] i  functions: Beginning execution of "api" {"metadata":{"emulator":{"name":"functions"},"function":{"name":"api"},"message":"Beginning execution of \"api\""}}
[debug] [2021-03-18T16:17:51.736Z] [runtime-status] [14860] triggerDefinition {"httpsTrigger":{},"name":"api","entryPoint":"api"} {"metadata":{"emulator":{"name":"functions"},"function":{"name":"api"},"message":"[runtime-status] [14860] triggerDefinition {\"httpsTrigger\":{},\"name\":\"api\",\"entryPoint\":\"api\"}"}}
[debug] [2021-03-18T16:17:51.736Z] [runtime-status] [14860] Running api in mode HTTPS {"metadata":{"emulator":{"name":"functions"},"function":{"name":"api"},"message":"[runtime-status] [14860] Running api in mode HTTPS"}}
[debug] [2021-03-18T16:17:51.736Z] [runtime-status] [14860] Attempting to listen to socketPath: \\?\pipe\C:\Users\Adil Alam\Desktop\Amazon\amazon-clone\functions\14860 {"metadata":{"emulator":{"name":"functions"},"function":{"name":"api"},"message":"[runtime-status] [14860] Attempting to listen to socketPath: \\\\?\\pipe\\C:\\Users\\Adil Alam\\Desktop\\Amazon\\amazon-clone\\functions\\14860"}}
[debug] [2021-03-18T16:17:51.738Z] [functions] Runtime ready! Sending request! {"metadata":{"emulator":{"name":"functions"},"message":"[functions] Runtime ready! Sending request!"}}
[debug] [2021-03-18T16:17:51.738Z] [functions] Got req.url=/clone-fbc90/us-central1/api/payments/create?total=23900, mapping to path=/payments/create?total=23900 {"metadata":{"emulator":{"name":"functions"},"message":"[functions] Got req.url=/clone-fbc90/us-central1/api/payments/create?total=23900, mapping to path=/payments/create?total=23900"}}
[debug] [2021-03-18T16:17:51.743Z] [runtime-status] [14860] Ephemeral server handling POST request {"metadata":{"emulator":{"name":"functions"},"function":{"name":"api"},"message":"[runtime-status] [14860] Ephemeral server handling POST request"}}
[info] >  Payment Request Recieved BOOM!!! for this amount >>>  23900 {"user":"Payment Request Recieved BOOM!!! for this amount >>>  23900","metadata":{"emulator":{"name":"functions"},"function":{"name":"api"},"message":"\u001b[90m> \u001b[39m Payment Request Recieved BOOM!!! for this amount >>>  23900"}}
[debug] [2021-03-18T16:17:51.756Z] [runtime-status] [14860] Ephemeral server survived. {"metadata":{"emulator":{"name":"functions"},"function":{"name":"api"},"message":"[runtime-status] [14860] Ephemeral server survived."}}
[info] i  functions: Finished "api" in ~2s {"metadata":{"emulator":{"name":"functions"},"function":{"name":"api"},"message":"Finished \"api\" in ~2s"}}
[debug] [2021-03-18T16:17:54.275Z] [worker-api-263e855a-3306-42c6-a451-0b66ef78c67f]: IDLE {"metadata":{"emulator":{"name":"functions"},"message":"[worker-api-263e855a-3306-42c6-a451-0b66ef78c67f]: IDLE"}}
[debug] [2021-03-18T16:17:54.276Z] [work-queue] {"queueLength":0,"workRunningCount":0}
[debug] [2021-03-18T16:18:06.724Z] [work-queue] {"queueLength":1,"workRunningCount":0}
[debug] [2021-03-18T16:18:06.725Z] [work-queue] {"queueLength":0,"workRunningCount":1}
[debug] [2021-03-18T16:18:06.725Z] Accepted request POST /clone-fbc90/us-central1/api/payments/create?total=0 --> api
[debug] [2021-03-18T16:18:06.725Z] [worker-pool] submitWork(triggerId=api) {"metadata":{"emulator":{"name":"functions"},"message":"[worker-pool] submitWork(triggerId=api)"}}
[debug] [2021-03-18T16:18:06.726Z] [worker-api-263e855a-3306-42c6-a451-0b66ef78c67f]: Assigning socketPath: \\?\pipe\C:\Users\Adil Alam\Desktop\Amazon\amazon-clone\functions\14860 {"metadata":{"emulator":{"name":"functions"},"message":"[worker-api-263e855a-3306-42c6-a451-0b66ef78c67f]: Assigning socketPath: \\\\?\\pipe\\C:\\Users\\Adil Alam\\Desktop\\Amazon\\amazon-clone\\functions\\14860"}}
[debug] [2021-03-18T16:18:06.726Z] [worker-api-263e855a-3306-42c6-a451-0b66ef78c67f]: BUSY {"metadata":{"emulator":{"name":"functions"},"message":"[worker-api-263e855a-3306-42c6-a451-0b66ef78c67f]: BUSY"}}
[debug] [2021-03-18T16:18:06.726Z] [runtime-status] [14860] Trigger "api" has been found, beginning invocation! {"metadata":{"emulator":{"name":"functions"},"function":{"name":"api"},"message":"[runtime-status] [14860] Trigger \"api\" has been found, beginning invocation!"}}
[info] i  functions: Beginning execution of "api" {"metadata":{"emulator":{"name":"functions"},"function":{"name":"api"},"message":"Beginning execution of \"api\""}}
[debug] [2021-03-18T16:18:06.728Z] [runtime-status] [14860] triggerDefinition {"httpsTrigger":{},"name":"api","entryPoint":"api"} {"metadata":{"emulator":{"name":"functions"},"function":{"name":"api"},"message":"[runtime-status] [14860] triggerDefinition {\"httpsTrigger\":{},\"name\":\"api\",\"entryPoint\":\"api\"}"}}
[debug] [2021-03-18T16:18:06.728Z] [runtime-status] [14860] Running api in mode HTTPS {"metadata":{"emulator":{"name":"functions"},"function":{"name":"api"},"message":"[runtime-status] [14860] Running api in mode HTTPS"}}
[debug] [2021-03-18T16:18:06.728Z] [runtime-status] [14860] Attempting to listen to socketPath: \\?\pipe\C:\Users\Adil Alam\Desktop\Amazon\amazon-clone\functions\14860 {"metadata":{"emulator":{"name":"functions"},"function":{"name":"api"},"message":"[runtime-status] [14860] Attempting to listen to socketPath: \\\\?\\pipe\\C:\\Users\\Adil Alam\\Desktop\\Amazon\\amazon-clone\\functions\\14860"}}
[debug] [2021-03-18T16:18:06.730Z] [functions] Runtime ready! Sending request! {"metadata":{"emulator":{"name":"functions"},"message":"[functions] Runtime ready! Sending request!"}}
[debug] [2021-03-18T16:18:06.730Z] [functions] Got req.url=/clone-fbc90/us-central1/api/payments/create?total=0, mapping to path=/payments/create?total=0 {"metadata":{"emulator":{"name":"functions"},"message":"[functions] Got req.url=/clone-fbc90/us-central1/api/payments/create?total=0, mapping to path=/payments/create?total=0"}}
[debug] [2021-03-18T16:18:06.733Z] [runtime-status] [14860] Ephemeral server handling POST request {"metadata":{"emulator":{"name":"functions"},"function":{"name":"api"},"message":"[runtime-status] [14860] Ephemeral server handling POST request"}}
[info] >  Payment Request Recieved BOOM!!! for this amount >>>  0 {"user":"Payment Request Recieved BOOM!!! for this amount >>>  0","metadata":{"emulator":{"name":"functions"},"function":{"name":"api"},"message":"\u001b[90m> \u001b[39m Payment Request Recieved BOOM!!! for this amount >>>  0"}}
[debug] [2021-03-18T16:18:06.735Z] [runtime-status] [14860] Ephemeral server survived. {"metadata":{"emulator":{"name":"functions"},"function":{"name":"api"},"message":"[runtime-status] [14860] Ephemeral server survived."}}
[info] >  (node:14860) UnhandledPromiseRejectionWarning: Error: This value must be greater than or equal to 1. {"user":"(node:14860) UnhandledPromiseRejectionWarning: Error: This value must be greater than or equal to 1.","metadata":{"emulator":{"name":"functions"},"function":{"name":"api"},"message":"\u001b[90m> \u001b[39m (node:14860) UnhandledPromiseRejectionWarning: Error: This value must be greater than or equal to 1."}}
[info] >      at Function.generate (C:\Users\Adil Alam\Desktop\Amazon\amazon-clone\node_modules\stripe\lib\Error.js:40:16) {"user":"    at Function.generate (C:\\Users\\Adil Alam\\Desktop\\Amazon\\amazon-clone\\node_modules\\stripe\\lib\\Error.js:40:16)","metadata":{"emulator":{"name":"functions"},"function":{"name":"api"},"message":"\u001b[90m> \u001b[39m     at Function.generate (C:\\Users\\Adil Alam\\Desktop\\Amazon\\amazon-clone\\node_modules\\stripe\\lib\\Error.js:40:16)"}}
[info] >      at IncomingMessage.<anonymous> (C:\Users\Adil Alam\Desktop\Amazon\amazon-clone\node_modules\stripe\lib\StripeResource.js:180:33) {"user":"    at IncomingMessage.<anonymous> (C:\\Users\\Adil Alam\\Desktop\\Amazon\\amazon-clone\\node_modules\\stripe\\lib\\StripeResource.js:180:33)","metadata":{"emulator":{"name":"functions"},"function":{"name":"api"},"message":"\u001b[90m> \u001b[39m     at IncomingMessage.<anonymous> (C:\\Users\\Adil Alam\\Desktop\\Amazon\\amazon-clone\\node_modules\\stripe\\lib\\StripeResource.js:180:33)"}}
[info] >      at Object.onceWrapper (events.js:421:28) {"user":"    at Object.onceWrapper (events.js:421:28)","metadata":{"emulator":{"name":"functions"},"function":{"name":"api"},"message":"\u001b[90m> \u001b[39m     at Object.onceWrapper (events.js:421:28)"}}
[info] >      at IncomingMessage.emit (events.js:327:22) {"user":"    at IncomingMessage.emit (events.js:327:22)","metadata":{"emulator":{"name":"functions"},"function":{"name":"api"},"message":"\u001b[90m> \u001b[39m     at IncomingMessage.emit (events.js:327:22)"}}
[info] >      at endReadableNT (_stream_readable.js:1220:12) {"user":"    at endReadableNT (_stream_readable.js:1220:12)","metadata":{"emulator":{"name":"functions"},"function":{"name":"api"},"message":"\u001b[90m> \u001b[39m     at endReadableNT (_stream_readable.js:1220:12)"}}
[info] >      at processTicksAndRejections (internal/process/task_queues.js:84:21) {"user":"    at processTicksAndRejections (internal/process/task_queues.js:84:21)","metadata":{"emulator":{"name":"functions"},"function":{"name":"api"},"message":"\u001b[90m> \u001b[39m     at processTicksAndRejections (internal/process/task_queues.js:84:21)"}}
[info] >  (node:14860) UnhandledPromiseRejectionWarning: Unhandled promise rejection. This error originated either by throwing inside of an async function without a catch block, or by rejecting a promise which was not handled with .catch(). To terminate the node process on unhandled promise rejection, use the CLI flag `--unhandled-rejections=strict` (see https://nodejs.org/api/cli.html#cli_unhandled_rejections_mode). (rejection id: 1) {"user":"(node:14860) UnhandledPromiseRejectionWarning: Unhandled promise rejection. This error originated either by throwing inside of an async function without a catch block, or by rejecting a promise which was not handled with .catch(). To terminate the node process on unhandled promise rejection, use the CLI flag `--unhandled-rejections=strict` (see https://nodejs.org/api/cli.html#cli_unhandled_rejections_mode). (rejection id: 1)","metadata":{"emulator":{"name":"functions"},"function":{"name":"api"},"message":"\u001b[90m> \u001b[39m (node:14860) UnhandledPromiseRejectionWarning: Unhandled promise rejection. This error originated either by throwing inside of an async function without a catch block, or by rejecting a promise which was not handled with .catch(). To terminate the node process on unhandled promise rejection, use the CLI flag `--unhandled-rejections=strict` (see https://nodejs.org/api/cli.html#cli_unhandled_rejections_mode). (rejection id: 1)"}}
[info] >  (node:14860) [DEP0018] DeprecationWarning: Unhandled promise rejections are deprecated. In the future, promise rejections that are not handled will terminate the Node.js process with a non-zero exit code. {"user":"(node:14860) [DEP0018] DeprecationWarning: Unhandled promise rejections are deprecated. In the future, promise rejections that are not handled will terminate the Node.js process with a non-zero exit code.","metadata":{"emulator":{"name":"functions"},"function":{"name":"api"},"message":"\u001b[90m> \u001b[39m (node:14860) [DEP0018] DeprecationWarning: Unhandled promise rejections are deprecated. In the future, promise rejections that are not handled will terminate the Node.js process with a non-zero exit code."}}
[warn] !  functions: Your function timed out after ~60s. To configure this timeout, see
      https://firebase.google.com/docs/functions/manage-functions#set_timeout_and_memory_allocation. {"metadata":{"emulator":{"name":"functions"},"function":{"name":"api"},"message":"Your function timed out after ~60s. To configure this timeout, see\n      https://firebase.google.com/docs/functions/manage-functions#set_timeout_and_memory_allocation."}}
[info] >  C:\Users\Adil Alam\AppData\Roaming\npm\node_modules\firebase-tools\lib\emulator\functionsEmulatorRuntime.js:642 {"user":"C:\\Users\\Adil Alam\\AppData\\Roaming\\npm\\node_modules\\firebase-tools\\lib\\emulator\\functionsEmulatorRuntime.js:642\r","metadata":{"emulator":{"name":"functions"},"function":{"name":"api"},"message":"\u001b[90m> \u001b[39m C:\\Users\\Adil Alam\\AppData\\Roaming\\npm\\node_modules\\firebase-tools\\lib\\emulator\\functionsEmulatorRuntime.js:642\r"}}
[info] >              throw new Error("Function timed out."); {"user":"            throw new Error(\"Function timed out.\");\r","metadata":{"emulator":{"name":"functions"},"function":{"name":"api"},"message":"\u001b[90m> \u001b[39m             throw new Error(\"Function timed out.\");\r"}}
[info] >              ^ {"user":"            ^\r","metadata":{"emulator":{"name":"functions"},"function":{"name":"api"},"message":"\u001b[90m> \u001b[39m             ^\r"}}
[info] >   {"user":"\r","metadata":{"emulator":{"name":"functions"},"function":{"name":"api"},"message":"\u001b[90m> \u001b[39m \r"}}
[info] >  Error: Function timed out. {"user":"Error: Function timed out.\r","metadata":{"emulator":{"name":"functions"},"function":{"name":"api"},"message":"\u001b[90m> \u001b[39m Error: Function timed out.\r"}}
[info] >      at Timeout._onTimeout (C:\Users\Adil Alam\AppData\Roaming\npm\node_modules\firebase-tools\lib\emulator\functionsEmulatorRuntime.js:642:19) {"user":"    at Timeout._onTimeout (C:\\Users\\Adil Alam\\AppData\\Roaming\\npm\\node_modules\\firebase-tools\\lib\\emulator\\functionsEmulatorRuntime.js:642:19)\r","metadata":{"emulator":{"name":"functions"},"function":{"name":"api"},"message":"\u001b[90m> \u001b[39m     at Timeout._onTimeout (C:\\Users\\Adil Alam\\AppData\\Roaming\\npm\\node_modules\\firebase-tools\\lib\\emulator\\functionsEmulatorRuntime.js:642:19)\r"}}
[info] >      at listOnTimeout (internal/timers.js:549:17) {"user":"    at listOnTimeout (internal/timers.js:549:17)\r","metadata":{"emulator":{"name":"functions"},"function":{"name":"api"},"message":"\u001b[90m> \u001b[39m     at listOnTimeout (internal/timers.js:549:17)\r"}}
[info] >      at processTimers (internal/timers.js:492:7) {"user":"    at processTimers (internal/timers.js:492:7)\r","metadata":{"emulator":{"name":"functions"},"function":{"name":"api"},"message":"\u001b[90m> \u001b[39m     at processTimers (internal/timers.js:492:7)\r"}}
[debug] [2021-03-18T16:19:06.792Z] [worker-api-263e855a-3306-42c6-a451-0b66ef78c67f]: exited {"metadata":{"emulator":{"name":"functions"},"message":"[worker-api-263e855a-3306-42c6-a451-0b66ef78c67f]: exited"}}
[debug] [2021-03-18T16:19:06.792Z] [worker-api-263e855a-3306-42c6-a451-0b66ef78c67f]: FINISHED {"metadata":{"emulator":{"name":"functions"},"message":"[worker-api-263e855a-3306-42c6-a451-0b66ef78c67f]: FINISHED"}}
[debug] [2021-03-18T16:19:06.792Z] [work-queue] {"queueLength":0,"workRunningCount":0}
